information QA1004: blank or 'noise' <value> tag ignored for member: "P:EmployeeApp.Employee.Name"
information QA1004: blank or 'noise' <returns> tag ignored for member: "P:EmployeeApp.Employee.Name"
information QA1004: blank or 'noise' <remarks> tag ignored for member: "P:EmployeeApp.Employee.Name"
information QA1004: blank or 'noise' <value> tag ignored for member: "P:EmployeeApp.Employee.ID"
information QA1004: blank or 'noise' <returns> tag ignored for member: "P:EmployeeApp.Employee.ID"
information QA1004: blank or 'noise' <remarks> tag ignored for member: "P:EmployeeApp.Employee.ID"
information QA1004: blank or 'noise' <value> tag ignored for member: "P:EmployeeApp.Employee.Pay"
information QA1004: blank or 'noise' <returns> tag ignored for member: "P:EmployeeApp.Employee.Pay"
information QA1004: blank or 'noise' <remarks> tag ignored for member: "P:EmployeeApp.Employee.Pay"
information QA1004: blank or 'noise' <value> tag ignored for member: "P:EmployeeApp.Employee.Age"
information QA1004: blank or 'noise' <returns> tag ignored for member: "P:EmployeeApp.Employee.Age"
information QA1004: blank or 'noise' <remarks> tag ignored for member: "P:EmployeeApp.Employee.Age"
information QA1004: blank or 'noise' <value> tag ignored for member: "P:EmployeeApp.Employee.SocialSecurityNumber"
information QA1004: blank or 'noise' <returns> tag ignored for member: "P:EmployeeApp.Employee.SocialSecurityNumber"
information QA1004: blank or 'noise' <remarks> tag ignored for member: "P:EmployeeApp.Employee.SocialSecurityNumber"
information QA1004: blank or 'noise' <value> tag ignored for member: "P:EmployeeApp.Employee.Company"
information QA1004: blank or 'noise' <returns> tag ignored for member: "P:EmployeeApp.Employee.Company"
information QA1004: blank or 'noise' <remarks> tag ignored for member: "P:EmployeeApp.Employee.Company"
information QA1004: blank or 'noise' <remarks> tag ignored for member: "M:EmployeeApp.Employee.#ctor"
information QA1004: blank or 'noise' <param> tag ignored for member: "M:EmployeeApp.Employee.#ctor(System.String,System.Int32,System.Int32,System.Single,System.String)"
information QA1004: blank or 'noise' <param> tag ignored for member: "M:EmployeeApp.Employee.#ctor(System.String,System.Int32,System.Int32,System.Single,System.String)"
information QA1004: blank or 'noise' <param> tag ignored for member: "M:EmployeeApp.Employee.#ctor(System.String,System.Int32,System.Int32,System.Single,System.String)"
information QA1004: blank or 'noise' <param> tag ignored for member: "M:EmployeeApp.Employee.#ctor(System.String,System.Int32,System.Int32,System.Single,System.String)"
information QA1004: blank or 'noise' <param> tag ignored for member: "M:EmployeeApp.Employee.#ctor(System.String,System.Int32,System.Int32,System.Single,System.String)"
information QA1004: blank or 'noise' <remarks> tag ignored for member: "M:EmployeeApp.Employee.#ctor(System.String,System.Int32,System.Int32,System.Single,System.String)"
information QA1004: blank or 'noise' <remarks> tag ignored for member: "M:EmployeeApp.Employee.#cctor"
information QA1004: blank or 'noise' <param> tag ignored for member: "M:EmployeeApp.Employee.GiveBonus(System.Single)"
information QA1004: blank or 'noise' <remarks> tag ignored for member: "M:EmployeeApp.Employee.GiveBonus(System.Single)"
information QA1004: blank or 'noise' <remarks> tag ignored for member: "M:EmployeeApp.Employee.DisplayStats"
information QA1004: blank or 'noise' <remarks> tag ignored for member: "T:EmployeeApp.Employee"
